<?xml version="1.0" encoding="UTF-8"?>
<!-- Generated by org.testng.reporters.JUnitXMLReporter -->
<testsuite ignored="0" hostname="LAPTOP-OMGVKFDD" failures="0" tests="11" name="Command line test" time="0.127" errors="0" timestamp="02 nov 2021 17:24:10 GMT">
  <testcase classname="com.udemy.java.test.BrokenLinkTest" name="@BeforeTest setDriver" time="0.095">
    <failure type="java.lang.IllegalStateException" message="The driver executable does not exist: C:\home\qa\.arquillian\drone\chrome\2.38\chromedriver">
      <![CDATA[java.lang.IllegalStateException: The driver executable does not exist: C:\home\qa\.arquillian\drone\chrome\2.38\chromedriver
at com.google.common.base.Preconditions.checkState(Preconditions.java:585)
at org.openqa.selenium.remote.service.DriverService.checkExecutable(DriverService.java:146)
at org.openqa.selenium.remote.service.DriverService.findExecutable(DriverService.java:141)
at org.openqa.selenium.chrome.ChromeDriverService.access$000(ChromeDriverService.java:35)
at org.openqa.selenium.chrome.ChromeDriverService$Builder.findDefaultExecutable(ChromeDriverService.java:159)
at org.openqa.selenium.remote.service.DriverService$Builder.build(DriverService.java:355)
at org.openqa.selenium.chrome.ChromeDriverService.createDefaultService(ChromeDriverService.java:94)
at org.openqa.selenium.chrome.ChromeDriver.<init>(ChromeDriver.java:123)
at com.udemy.java.supplier.DriverFactory.lambda$static$0(DriverFactory.java:15)
at com.udemy.java.supplier.DriverFactory.getDriver(DriverFactory.java:32)
at com.udemy.java.test.BrokenLinkTest.setDriver(BrokenLinkTest.java:22)
... Removed 34 stack frames]]>
    </failure>
  </testcase> <!-- @BeforeTest setDriver -->
  <testcase classname="com.udemy.java.test.CheckboxSelectionTest" name="@BeforeTest setDriver" time="0.0">
    <skipped/>
  </testcase> <!-- @BeforeTest setDriver -->
  <testcase classname="com.udemy.java.test.DriverTest" name="@BeforeTest setDriver" time="0.0">
    <skipped/>
  </testcase> <!-- @BeforeTest setDriver -->
  <testcase classname="com.udemy.java.test.HoverableDropdownTest" name="@BeforeTest setDriver" time="0.0">
    <skipped/>
  </testcase> <!-- @BeforeTest setDriver -->
  <testcase classname="com.udemy.java.test.PriceTableTest" name="@BeforeTest setDriver" time="0.0">
    <skipped/>
  </testcase> <!-- @BeforeTest setDriver -->
  <testcase classname="com.udemy.java.test.BrokenLinkTest" name="@AfterTest quitDriver" time="0.0">
    <skipped/>
  </testcase> <!-- @AfterTest quitDriver -->
  <testcase classname="com.udemy.java.test.CheckboxSelectionTest" name="@AfterTest quitDriver" time="0.0">
    <skipped/>
  </testcase> <!-- @AfterTest quitDriver -->
  <testcase classname="com.udemy.java.test.DriverTest" name="@AfterTest quitDriver" time="0.0">
    <skipped/>
  </testcase> <!-- @AfterTest quitDriver -->
  <testcase classname="com.udemy.java.test.HoverableDropdownTest" name="@AfterTest quitDriver" time="0.0">
    <skipped/>
  </testcase> <!-- @AfterTest quitDriver -->
  <testcase classname="com.udemy.java.test.PriceTableTest" name="@AfterTest quitDriver" time="0.0">
    <skipped/>
  </testcase> <!-- @AfterTest quitDriver -->
  <testcase classname="com.udemy.java.test.BrokenLinkTest" name="linkTest" time="0.0">
    <skipped/>
  </testcase> <!-- linkTest -->
  <testcase classname="com.udemy.java.test.CheckboxSelectionTest" name="tableRowTest" time="0.0">
    <skipped/>
  </testcase> <!-- tableRowTest -->
  <testcase classname="com.udemy.java.test.CheckboxSelectionTest" name="tableRowTest" time="0.0">
    <skipped/>
  </testcase> <!-- tableRowTest -->
  <testcase classname="com.udemy.java.test.CheckboxSelectionTest" name="tableRowTest" time="0.0">
    <skipped/>
  </testcase> <!-- tableRowTest -->
  <testcase classname="com.udemy.java.test.CheckboxSelectionTest" name="tableRowTest" time="0.0">
    <skipped/>
  </testcase> <!-- tableRowTest -->
  <testcase classname="com.udemy.java.test.CheckboxSelectionTest" name="tableRowTest" time="0.0">
    <skipped/>
  </testcase> <!-- tableRowTest -->
  <testcase classname="com.udemy.java.test.DriverTest" name="googleTest" time="0.0">
    <skipped/>
  </testcase> <!-- googleTest -->
  <testcase classname="com.udemy.java.test.HoverableDropdownTest" name="dropdownTest" time="0.0">
    <skipped/>
  </testcase> <!-- dropdownTest -->
  <testcase classname="com.udemy.java.test.HoverableDropdownTest" name="dropdownTest" time="0.0">
    <skipped/>
  </testcase> <!-- dropdownTest -->
  <testcase classname="com.udemy.java.test.HoverableDropdownTest" name="dropdownTest" time="0.0">
    <skipped/>
  </testcase> <!-- dropdownTest -->
  <testcase classname="com.udemy.java.test.PriceTableTest" name="minPriceTest" time="0.0">
    <skipped/>
  </testcase> <!-- minPriceTest -->
</testsuite> <!-- Command line test -->
