<!DOCTYPE html PUBLIC "-//W3C//DTD XHTML 1.1//EN" "http://www.w3.org/TR/xhtml11/DTD/xhtml11.dtd">
<html xmlns="http://www.w3.org/1999/xhtml">
<head>
<meta http-equiv="content-type" content="text/html; charset=UTF-8"/>
<title>TestNG Report</title>
<style type="text/css">table {margin-bottom:10px;border-collapse:collapse;empty-cells:show}th,td {border:1px solid #009;padding:.25em .5em}th {vertical-align:bottom}td {vertical-align:top}table a {font-weight:bold}.stripe td {background-color: #E6EBF9}.num {text-align:right}.passedodd td {background-color: #3F3}.passedeven td {background-color: #0A0}.skippedodd td {background-color: #DDD}.skippedeven td {background-color: #CCC}.failedodd td,.attn {background-color: #F33}.failedeven td,.stripe .attn {background-color: #D00}.stacktrace {white-space:pre;font-family:monospace}.totop {font-size:85%;text-align:center;border-bottom:2px solid #000}.invisible {display:none}</style>
</head>
<body>
<table>
<tr><th>Test</th><th># Passed</th><th># Skipped</th><th># Failed</th><th>Time (ms)</th><th>Included Groups</th><th>Excluded Groups</th></tr>
<tr><th colspan="7">Command line suite</th></tr>
<tr><td><a href="#t0">Command line test</a></td><td class="num">0</td><td class="num attn">11</td><td class="num">0</td><td class="num">127</td><td></td><td></td></tr>
</table>
<table id='summary'><thead><tr><th>Class</th><th>Method</th><th>Start</th><th>Time (ms)</th></tr></thead><tbody><tr><th colspan="4">Command line suite</th></tr></tbody><tbody id="t0"><tr><th colspan="4">Command line test &#8212; failed (configuration methods)</th></tr><tr class="failedeven"><td rowspan="1">com.udemy.java.test.BrokenLinkTest</td><td><a href="#m0">setDriver</a></td><td rowspan="1">1635873850004</td><td rowspan="1">95</td></tr><tr><th colspan="4">Command line test &#8212; skipped (configuration methods)</th></tr><tr class="skippedeven"><td rowspan="9">com.udemy.java.test.BrokenLinkTest</td><td><a href="#m1">quitDriver</a></td><td rowspan="5">1635873850129</td><td rowspan="5">0</td></tr><tr class="skippedeven"><td><a href="#m2">quitDriver</a></td></tr><tr class="skippedeven"><td><a href="#m3">quitDriver</a></td></tr><tr class="skippedeven"><td><a href="#m4">quitDriver</a></td></tr><tr class="skippedeven"><td><a href="#m5">quitDriver</a></td></tr><tr class="skippedeven"><td><a href="#m6">setDriver</a></td><td rowspan="4">1635873850105</td><td rowspan="4">0</td></tr><tr class="skippedeven"><td><a href="#m7">setDriver</a></td></tr><tr class="skippedeven"><td><a href="#m8">setDriver</a></td></tr><tr class="skippedeven"><td><a href="#m9">setDriver</a></td></tr><tr><th colspan="4">Command line test &#8212; skipped</th></tr><tr class="skippedeven"><td rowspan="1">com.udemy.java.test.BrokenLinkTest</td><td><a href="#m10">linkTest</a></td><td rowspan="1">1635873850118</td><td rowspan="1">0</td></tr><tr class="skippedodd"><td rowspan="5">com.udemy.java.test.CheckboxSelectionTest</td><td><a href="#m11">tableRowTest</a></td><td rowspan="5">1635873850127</td><td rowspan="5">0</td></tr><tr class="skippedodd"><td><a href="#m12">tableRowTest</a></td></tr><tr class="skippedodd"><td><a href="#m13">tableRowTest</a></td></tr><tr class="skippedodd"><td><a href="#m14">tableRowTest</a></td></tr><tr class="skippedodd"><td><a href="#m15">tableRowTest</a></td></tr><tr class="skippedeven"><td rowspan="1">com.udemy.java.test.DriverTest</td><td><a href="#m16">googleTest</a></td><td rowspan="1">1635873850128</td><td rowspan="1">0</td></tr><tr class="skippedodd"><td rowspan="3">com.udemy.java.test.HoverableDropdownTest</td><td><a href="#m17">dropdownTest</a></td><td rowspan="3">1635873850129</td><td rowspan="3">0</td></tr><tr class="skippedodd"><td><a href="#m18">dropdownTest</a></td></tr><tr class="skippedodd"><td><a href="#m19">dropdownTest</a></td></tr><tr class="skippedeven"><td rowspan="1">com.udemy.java.test.PriceTableTest</td><td><a href="#m20">minPriceTest</a></td><td rowspan="1">1635873850129</td><td rowspan="1">0</td></tr></tbody>
</table>
<h2>Command line test</h2><h3 id="m0">com.udemy.java.test.BrokenLinkTest#setDriver</h3><table class="result"><tr class="param"><th>Parameter #1</th></tr><tr class="param stripe"><td>chrome</td></tr><tr><th>Exception</th></tr><tr><td><div class="stacktrace">java.lang.IllegalStateException: The driver executable does not exist: C:\home\qa\.arquillian\drone\chrome\2.38\chromedriver
	at com.google.common.base.Preconditions.checkState(Preconditions.java:585)
	at org.openqa.selenium.remote.service.DriverService.checkExecutable(DriverService.java:146)
	at org.openqa.selenium.remote.service.DriverService.findExecutable(DriverService.java:141)
	at org.openqa.selenium.chrome.ChromeDriverService.access$000(ChromeDriverService.java:35)
	at org.openqa.selenium.chrome.ChromeDriverService$Builder.findDefaultExecutable(ChromeDriverService.java:159)
	at org.openqa.selenium.remote.service.DriverService$Builder.build(DriverService.java:355)
	at org.openqa.selenium.chrome.ChromeDriverService.createDefaultService(ChromeDriverService.java:94)
	at org.openqa.selenium.chrome.ChromeDriver.&lt;init&gt;(ChromeDriver.java:123)
	at com.udemy.java.supplier.DriverFactory.lambda$static$0(DriverFactory.java:15)
	at com.udemy.java.supplier.DriverFactory.getDriver(DriverFactory.java:32)
	at com.udemy.java.test.BrokenLinkTest.setDriver(BrokenLinkTest.java:22)
... Removed 34 stack frames</div></td></tr></table><p class="totop"><a href="#summary">back to summary</a></p>
<h3 id="m1">com.udemy.java.test.BrokenLinkTest#quitDriver</h3><table class="result"><tr><th class="invisible"/></tr></table><p class="totop"><a href="#summary">back to summary</a></p>
<h3 id="m2">com.udemy.java.test.BrokenLinkTest#quitDriver</h3><table class="result"><tr><th class="invisible"/></tr></table><p class="totop"><a href="#summary">back to summary</a></p>
<h3 id="m3">com.udemy.java.test.BrokenLinkTest#quitDriver</h3><table class="result"><tr><th class="invisible"/></tr></table><p class="totop"><a href="#summary">back to summary</a></p>
<h3 id="m4">com.udemy.java.test.BrokenLinkTest#quitDriver</h3><table class="result"><tr><th class="invisible"/></tr></table><p class="totop"><a href="#summary">back to summary</a></p>
<h3 id="m5">com.udemy.java.test.BrokenLinkTest#quitDriver</h3><table class="result"><tr><th class="invisible"/></tr></table><p class="totop"><a href="#summary">back to summary</a></p>
<h3 id="m6">com.udemy.java.test.BrokenLinkTest#setDriver</h3><table class="result"><tr><th class="invisible"/></tr></table><p class="totop"><a href="#summary">back to summary</a></p>
<h3 id="m7">com.udemy.java.test.BrokenLinkTest#setDriver</h3><table class="result"><tr><th class="invisible"/></tr></table><p class="totop"><a href="#summary">back to summary</a></p>
<h3 id="m8">com.udemy.java.test.BrokenLinkTest#setDriver</h3><table class="result"><tr><th class="invisible"/></tr></table><p class="totop"><a href="#summary">back to summary</a></p>
<h3 id="m9">com.udemy.java.test.BrokenLinkTest#setDriver</h3><table class="result"><tr><th class="invisible"/></tr></table><p class="totop"><a href="#summary">back to summary</a></p>
<h3 id="m10">com.udemy.java.test.BrokenLinkTest#linkTest</h3><table class="result"><tr><th>Exception</th></tr><tr><td><div class="stacktrace">java.lang.IllegalStateException: The driver executable does not exist: C:\home\qa\.arquillian\drone\chrome\2.38\chromedriver
	at com.google.common.base.Preconditions.checkState(Preconditions.java:585)
	at org.openqa.selenium.remote.service.DriverService.checkExecutable(DriverService.java:146)
	at org.openqa.selenium.remote.service.DriverService.findExecutable(DriverService.java:141)
	at org.openqa.selenium.chrome.ChromeDriverService.access$000(ChromeDriverService.java:35)
	at org.openqa.selenium.chrome.ChromeDriverService$Builder.findDefaultExecutable(ChromeDriverService.java:159)
	at org.openqa.selenium.remote.service.DriverService$Builder.build(DriverService.java:355)
	at org.openqa.selenium.chrome.ChromeDriverService.createDefaultService(ChromeDriverService.java:94)
	at org.openqa.selenium.chrome.ChromeDriver.&lt;init&gt;(ChromeDriver.java:123)
	at com.udemy.java.supplier.DriverFactory.lambda$static$0(DriverFactory.java:15)
	at com.udemy.java.supplier.DriverFactory.getDriver(DriverFactory.java:32)
	at com.udemy.java.test.BrokenLinkTest.setDriver(BrokenLinkTest.java:22)
... Removed 34 stack frames</div></td></tr></table><p class="totop"><a href="#summary">back to summary</a></p>
<h3 id="m11">com.udemy.java.test.CheckboxSelectionTest#tableRowTest</h3><table class="result"><tr><th>Exception</th></tr><tr><td><div class="stacktrace">java.lang.IllegalStateException: The driver executable does not exist: C:\home\qa\.arquillian\drone\chrome\2.38\chromedriver
	at com.google.common.base.Preconditions.checkState(Preconditions.java:585)
	at org.openqa.selenium.remote.service.DriverService.checkExecutable(DriverService.java:146)
	at org.openqa.selenium.remote.service.DriverService.findExecutable(DriverService.java:141)
	at org.openqa.selenium.chrome.ChromeDriverService.access$000(ChromeDriverService.java:35)
	at org.openqa.selenium.chrome.ChromeDriverService$Builder.findDefaultExecutable(ChromeDriverService.java:159)
	at org.openqa.selenium.remote.service.DriverService$Builder.build(DriverService.java:355)
	at org.openqa.selenium.chrome.ChromeDriverService.createDefaultService(ChromeDriverService.java:94)
	at org.openqa.selenium.chrome.ChromeDriver.&lt;init&gt;(ChromeDriver.java:123)
	at com.udemy.java.supplier.DriverFactory.lambda$static$0(DriverFactory.java:15)
	at com.udemy.java.supplier.DriverFactory.getDriver(DriverFactory.java:32)
	at com.udemy.java.test.BrokenLinkTest.setDriver(BrokenLinkTest.java:22)
... Removed 34 stack frames</div></td></tr></table><p class="totop"><a href="#summary">back to summary</a></p>
<h3 id="m12">com.udemy.java.test.CheckboxSelectionTest#tableRowTest</h3><table class="result"><tr><th>Exception</th></tr><tr><td><div class="stacktrace">java.lang.IllegalStateException: The driver executable does not exist: C:\home\qa\.arquillian\drone\chrome\2.38\chromedriver
	at com.google.common.base.Preconditions.checkState(Preconditions.java:585)
	at org.openqa.selenium.remote.service.DriverService.checkExecutable(DriverService.java:146)
	at org.openqa.selenium.remote.service.DriverService.findExecutable(DriverService.java:141)
	at org.openqa.selenium.chrome.ChromeDriverService.access$000(ChromeDriverService.java:35)
	at org.openqa.selenium.chrome.ChromeDriverService$Builder.findDefaultExecutable(ChromeDriverService.java:159)
	at org.openqa.selenium.remote.service.DriverService$Builder.build(DriverService.java:355)
	at org.openqa.selenium.chrome.ChromeDriverService.createDefaultService(ChromeDriverService.java:94)
	at org.openqa.selenium.chrome.ChromeDriver.&lt;init&gt;(ChromeDriver.java:123)
	at com.udemy.java.supplier.DriverFactory.lambda$static$0(DriverFactory.java:15)
	at com.udemy.java.supplier.DriverFactory.getDriver(DriverFactory.java:32)
	at com.udemy.java.test.BrokenLinkTest.setDriver(BrokenLinkTest.java:22)
... Removed 34 stack frames</div></td></tr></table><p class="totop"><a href="#summary">back to summary</a></p>
<h3 id="m13">com.udemy.java.test.CheckboxSelectionTest#tableRowTest</h3><table class="result"><tr><th>Exception</th></tr><tr><td><div class="stacktrace">java.lang.IllegalStateException: The driver executable does not exist: C:\home\qa\.arquillian\drone\chrome\2.38\chromedriver
	at com.google.common.base.Preconditions.checkState(Preconditions.java:585)
	at org.openqa.selenium.remote.service.DriverService.checkExecutable(DriverService.java:146)
	at org.openqa.selenium.remote.service.DriverService.findExecutable(DriverService.java:141)
	at org.openqa.selenium.chrome.ChromeDriverService.access$000(ChromeDriverService.java:35)
	at org.openqa.selenium.chrome.ChromeDriverService$Builder.findDefaultExecutable(ChromeDriverService.java:159)
	at org.openqa.selenium.remote.service.DriverService$Builder.build(DriverService.java:355)
	at org.openqa.selenium.chrome.ChromeDriverService.createDefaultService(ChromeDriverService.java:94)
	at org.openqa.selenium.chrome.ChromeDriver.&lt;init&gt;(ChromeDriver.java:123)
	at com.udemy.java.supplier.DriverFactory.lambda$static$0(DriverFactory.java:15)
	at com.udemy.java.supplier.DriverFactory.getDriver(DriverFactory.java:32)
	at com.udemy.java.test.BrokenLinkTest.setDriver(BrokenLinkTest.java:22)
... Removed 34 stack frames</div></td></tr></table><p class="totop"><a href="#summary">back to summary</a></p>
<h3 id="m14">com.udemy.java.test.CheckboxSelectionTest#tableRowTest</h3><table class="result"><tr><th>Exception</th></tr><tr><td><div class="stacktrace">java.lang.IllegalStateException: The driver executable does not exist: C:\home\qa\.arquillian\drone\chrome\2.38\chromedriver
	at com.google.common.base.Preconditions.checkState(Preconditions.java:585)
	at org.openqa.selenium.remote.service.DriverService.checkExecutable(DriverService.java:146)
	at org.openqa.selenium.remote.service.DriverService.findExecutable(DriverService.java:141)
	at org.openqa.selenium.chrome.ChromeDriverService.access$000(ChromeDriverService.java:35)
	at org.openqa.selenium.chrome.ChromeDriverService$Builder.findDefaultExecutable(ChromeDriverService.java:159)
	at org.openqa.selenium.remote.service.DriverService$Builder.build(DriverService.java:355)
	at org.openqa.selenium.chrome.ChromeDriverService.createDefaultService(ChromeDriverService.java:94)
	at org.openqa.selenium.chrome.ChromeDriver.&lt;init&gt;(ChromeDriver.java:123)
	at com.udemy.java.supplier.DriverFactory.lambda$static$0(DriverFactory.java:15)
	at com.udemy.java.supplier.DriverFactory.getDriver(DriverFactory.java:32)
	at com.udemy.java.test.BrokenLinkTest.setDriver(BrokenLinkTest.java:22)
... Removed 34 stack frames</div></td></tr></table><p class="totop"><a href="#summary">back to summary</a></p>
<h3 id="m15">com.udemy.java.test.CheckboxSelectionTest#tableRowTest</h3><table class="result"><tr><th>Exception</th></tr><tr><td><div class="stacktrace">java.lang.IllegalStateException: The driver executable does not exist: C:\home\qa\.arquillian\drone\chrome\2.38\chromedriver
	at com.google.common.base.Preconditions.checkState(Preconditions.java:585)
	at org.openqa.selenium.remote.service.DriverService.checkExecutable(DriverService.java:146)
	at org.openqa.selenium.remote.service.DriverService.findExecutable(DriverService.java:141)
	at org.openqa.selenium.chrome.ChromeDriverService.access$000(ChromeDriverService.java:35)
	at org.openqa.selenium.chrome.ChromeDriverService$Builder.findDefaultExecutable(ChromeDriverService.java:159)
	at org.openqa.selenium.remote.service.DriverService$Builder.build(DriverService.java:355)
	at org.openqa.selenium.chrome.ChromeDriverService.createDefaultService(ChromeDriverService.java:94)
	at org.openqa.selenium.chrome.ChromeDriver.&lt;init&gt;(ChromeDriver.java:123)
	at com.udemy.java.supplier.DriverFactory.lambda$static$0(DriverFactory.java:15)
	at com.udemy.java.supplier.DriverFactory.getDriver(DriverFactory.java:32)
	at com.udemy.java.test.BrokenLinkTest.setDriver(BrokenLinkTest.java:22)
... Removed 34 stack frames</div></td></tr></table><p class="totop"><a href="#summary">back to summary</a></p>
<h3 id="m16">com.udemy.java.test.DriverTest#googleTest</h3><table class="result"><tr><th>Exception</th></tr><tr><td><div class="stacktrace">java.lang.IllegalStateException: The driver executable does not exist: C:\home\qa\.arquillian\drone\chrome\2.38\chromedriver
	at com.google.common.base.Preconditions.checkState(Preconditions.java:585)
	at org.openqa.selenium.remote.service.DriverService.checkExecutable(DriverService.java:146)
	at org.openqa.selenium.remote.service.DriverService.findExecutable(DriverService.java:141)
	at org.openqa.selenium.chrome.ChromeDriverService.access$000(ChromeDriverService.java:35)
	at org.openqa.selenium.chrome.ChromeDriverService$Builder.findDefaultExecutable(ChromeDriverService.java:159)
	at org.openqa.selenium.remote.service.DriverService$Builder.build(DriverService.java:355)
	at org.openqa.selenium.chrome.ChromeDriverService.createDefaultService(ChromeDriverService.java:94)
	at org.openqa.selenium.chrome.ChromeDriver.&lt;init&gt;(ChromeDriver.java:123)
	at com.udemy.java.supplier.DriverFactory.lambda$static$0(DriverFactory.java:15)
	at com.udemy.java.supplier.DriverFactory.getDriver(DriverFactory.java:32)
	at com.udemy.java.test.BrokenLinkTest.setDriver(BrokenLinkTest.java:22)
... Removed 34 stack frames</div></td></tr></table><p class="totop"><a href="#summary">back to summary</a></p>
<h3 id="m17">com.udemy.java.test.HoverableDropdownTest#dropdownTest</h3><table class="result"><tr><th>Exception</th></tr><tr><td><div class="stacktrace">java.lang.IllegalStateException: The driver executable does not exist: C:\home\qa\.arquillian\drone\chrome\2.38\chromedriver
	at com.google.common.base.Preconditions.checkState(Preconditions.java:585)
	at org.openqa.selenium.remote.service.DriverService.checkExecutable(DriverService.java:146)
	at org.openqa.selenium.remote.service.DriverService.findExecutable(DriverService.java:141)
	at org.openqa.selenium.chrome.ChromeDriverService.access$000(ChromeDriverService.java:35)
	at org.openqa.selenium.chrome.ChromeDriverService$Builder.findDefaultExecutable(ChromeDriverService.java:159)
	at org.openqa.selenium.remote.service.DriverService$Builder.build(DriverService.java:355)
	at org.openqa.selenium.chrome.ChromeDriverService.createDefaultService(ChromeDriverService.java:94)
	at org.openqa.selenium.chrome.ChromeDriver.&lt;init&gt;(ChromeDriver.java:123)
	at com.udemy.java.supplier.DriverFactory.lambda$static$0(DriverFactory.java:15)
	at com.udemy.java.supplier.DriverFactory.getDriver(DriverFactory.java:32)
	at com.udemy.java.test.BrokenLinkTest.setDriver(BrokenLinkTest.java:22)
... Removed 34 stack frames</div></td></tr></table><p class="totop"><a href="#summary">back to summary</a></p>
<h3 id="m18">com.udemy.java.test.HoverableDropdownTest#dropdownTest</h3><table class="result"><tr><th>Exception</th></tr><tr><td><div class="stacktrace">java.lang.IllegalStateException: The driver executable does not exist: C:\home\qa\.arquillian\drone\chrome\2.38\chromedriver
	at com.google.common.base.Preconditions.checkState(Preconditions.java:585)
	at org.openqa.selenium.remote.service.DriverService.checkExecutable(DriverService.java:146)
	at org.openqa.selenium.remote.service.DriverService.findExecutable(DriverService.java:141)
	at org.openqa.selenium.chrome.ChromeDriverService.access$000(ChromeDriverService.java:35)
	at org.openqa.selenium.chrome.ChromeDriverService$Builder.findDefaultExecutable(ChromeDriverService.java:159)
	at org.openqa.selenium.remote.service.DriverService$Builder.build(DriverService.java:355)
	at org.openqa.selenium.chrome.ChromeDriverService.createDefaultService(ChromeDriverService.java:94)
	at org.openqa.selenium.chrome.ChromeDriver.&lt;init&gt;(ChromeDriver.java:123)
	at com.udemy.java.supplier.DriverFactory.lambda$static$0(DriverFactory.java:15)
	at com.udemy.java.supplier.DriverFactory.getDriver(DriverFactory.java:32)
	at com.udemy.java.test.BrokenLinkTest.setDriver(BrokenLinkTest.java:22)
... Removed 34 stack frames</div></td></tr></table><p class="totop"><a href="#summary">back to summary</a></p>
<h3 id="m19">com.udemy.java.test.HoverableDropdownTest#dropdownTest</h3><table class="result"><tr><th>Exception</th></tr><tr><td><div class="stacktrace">java.lang.IllegalStateException: The driver executable does not exist: C:\home\qa\.arquillian\drone\chrome\2.38\chromedriver
	at com.google.common.base.Preconditions.checkState(Preconditions.java:585)
	at org.openqa.selenium.remote.service.DriverService.checkExecutable(DriverService.java:146)
	at org.openqa.selenium.remote.service.DriverService.findExecutable(DriverService.java:141)
	at org.openqa.selenium.chrome.ChromeDriverService.access$000(ChromeDriverService.java:35)
	at org.openqa.selenium.chrome.ChromeDriverService$Builder.findDefaultExecutable(ChromeDriverService.java:159)
	at org.openqa.selenium.remote.service.DriverService$Builder.build(DriverService.java:355)
	at org.openqa.selenium.chrome.ChromeDriverService.createDefaultService(ChromeDriverService.java:94)
	at org.openqa.selenium.chrome.ChromeDriver.&lt;init&gt;(ChromeDriver.java:123)
	at com.udemy.java.supplier.DriverFactory.lambda$static$0(DriverFactory.java:15)
	at com.udemy.java.supplier.DriverFactory.getDriver(DriverFactory.java:32)
	at com.udemy.java.test.BrokenLinkTest.setDriver(BrokenLinkTest.java:22)
... Removed 34 stack frames</div></td></tr></table><p class="totop"><a href="#summary">back to summary</a></p>
<h3 id="m20">com.udemy.java.test.PriceTableTest#minPriceTest</h3><table class="result"><tr><th>Exception</th></tr><tr><td><div class="stacktrace">java.lang.IllegalStateException: The driver executable does not exist: C:\home\qa\.arquillian\drone\chrome\2.38\chromedriver
	at com.google.common.base.Preconditions.checkState(Preconditions.java:585)
	at org.openqa.selenium.remote.service.DriverService.checkExecutable(DriverService.java:146)
	at org.openqa.selenium.remote.service.DriverService.findExecutable(DriverService.java:141)
	at org.openqa.selenium.chrome.ChromeDriverService.access$000(ChromeDriverService.java:35)
	at org.openqa.selenium.chrome.ChromeDriverService$Builder.findDefaultExecutable(ChromeDriverService.java:159)
	at org.openqa.selenium.remote.service.DriverService$Builder.build(DriverService.java:355)
	at org.openqa.selenium.chrome.ChromeDriverService.createDefaultService(ChromeDriverService.java:94)
	at org.openqa.selenium.chrome.ChromeDriver.&lt;init&gt;(ChromeDriver.java:123)
	at com.udemy.java.supplier.DriverFactory.lambda$static$0(DriverFactory.java:15)
	at com.udemy.java.supplier.DriverFactory.getDriver(DriverFactory.java:32)
	at com.udemy.java.test.BrokenLinkTest.setDriver(BrokenLinkTest.java:22)
... Removed 34 stack frames</div></td></tr></table><p class="totop"><a href="#summary">back to summary</a></p>
</body>
</html>
