<?xml version="1.0" encoding="UTF-8" ?>
<testsuite tests="21" failures="1" name="TestSuite" time="9.68" errors="0" skipped="20">
  <properties>
    <property name="java.runtime.name" value="OpenJDK Runtime Environment"/>
    <property name="java.vm.version" value="11.0.2+9"/>
    <property name="sun.boot.library.path" value="C:\openjdk-11.0.2_windows-x64_bin\jdk-11.0.2\bin"/>
    <property name="maven.multiModuleProjectDirectory" value="C:\Users\pedro\OneDrive\java-8-and-beyond"/>
    <property name="java.vm.vendor" value="Oracle Corporation"/>
    <property name="java.vendor.url" value="http://java.oracle.com/"/>
    <property name="guice.disable.misplaced.annotation.check" value="true"/>
    <property name="path.separator" value=";"/>
    <property name="java.vm.name" value="OpenJDK 64-Bit Server VM"/>
    <property name="sun.os.patch.level" value=""/>
    <property name="user.script" value=""/>
    <property name="user.country" value="BR"/>
    <property name="sun.java.launcher" value="SUN_STANDARD"/>
    <property name="java.vm.specification.name" value="Java Virtual Machine Specification"/>
    <property name="user.dir" value="C:\Users\pedro\OneDrive\java-8-and-beyond"/>
    <property name="java.vm.compressedOopsMode" value="Zero based"/>
    <property name="java.runtime.version" value="11.0.2+9"/>
    <property name="java.awt.graphicsenv" value="sun.awt.Win32GraphicsEnvironment"/>
    <property name="os.arch" value="amd64"/>
    <property name="java.io.tmpdir" value="C:\Users\pedro\AppData\Local\Temp\"/>
    <property name="line.separator" value="
"/>
    <property name="java.vm.specification.vendor" value="Oracle Corporation"/>
    <property name="user.variant" value=""/>
    <property name="os.name" value="Windows 10"/>
    <property name="classworlds.conf" value="C:\apache-maven-3.8.3-bin\apache-maven-3.8.3\bin\m2.conf"/>
    <property name="sun.jnu.encoding" value="Cp1252"/>
    <property name="java.library.path" value="C:\openjdk-11.0.2_windows-x64_bin\jdk-11.0.2\bin;C:\WINDOWS\Sun\Java\bin;C:\WINDOWS\system32;C:\WINDOWS;C:\Python310\Scripts\;C:\Python310\;C:\Windows\system32;C:\Windows;C:\Windows\System32\Wbem;C:\Windows\System32\WindowsPowerShell\v1.0\;C:\Windows\System32\OpenSSH\;C:\Program Files (x86)\NVIDIA Corporation\PhysX\Common;C:\Program Files\NVIDIA Corporation\NVIDIA NvDLISR;C:\WINDOWS\system32;C:\WINDOWS;C:\WINDOWS\System32\Wbem;C:\WINDOWS\System32\WindowsPowerShell\v1.0\;C:\WINDOWS\System32\OpenSSH\;C:\Program Files\Git\cmd;C:\openjdk-11.0.2_windows-x64_bin\jdk-11.0.2\bin;C:\apache-maven-3.8.3-bin\apache-maven-3.8.3\bin;C:\ProgramData\chocolatey\bin;;C:\Program Files\Docker\Docker\resources\bin;C:\ProgramData\DockerDesktop\version-bin;C:\Program Files (x86)\Yarn\bin\;C:\Program Files\nodejs\;C:\Users\pedro\AppData\Local\Microsoft\WindowsApps;;C:\Program Files\JetBrains\IntelliJ IDEA Community Edition 2021.2.2\bin;;C:\Users\pedro\AppData\Local\Programs\Microsoft VS Code\bin;C:\Users\pedro\AppData\Local\Yarn\bin;C:\Users\pedro\AppData\Roaming\npm;."/>
    <property name="maven.conf" value="C:\apache-maven-3.8.3-bin\apache-maven-3.8.3/conf"/>
    <property name="jdk.debug" value="release"/>
    <property name="java.class.version" value="55.0"/>
    <property name="java.specification.name" value="Java Platform API Specification"/>
    <property name="sun.management.compiler" value="HotSpot 64-Bit Tiered Compilers"/>
    <property name="os.version" value="10.0"/>
    <property name="library.jansi.path" value="C:\apache-maven-3.8.3-bin\apache-maven-3.8.3\lib\jansi-native"/>
    <property name="user.home" value="C:\Users\pedro"/>
    <property name="user.timezone" value="America/Sao_Paulo"/>
    <property name="java.awt.printerjob" value="sun.awt.windows.WPrinterJob"/>
    <property name="file.encoding" value="Cp1252"/>
    <property name="java.specification.version" value="11"/>
    <property name="user.name" value="pedro"/>
    <property name="java.class.path" value="C:\apache-maven-3.8.3-bin\apache-maven-3.8.3\boot\plexus-classworlds-2.6.0.jar"/>
    <property name="java.vm.specification.version" value="11"/>
    <property name="sun.arch.data.model" value="64"/>
    <property name="sun.java.command" value="org.codehaus.plexus.classworlds.launcher.Launcher clean install"/>
    <property name="java.home" value="C:\openjdk-11.0.2_windows-x64_bin\jdk-11.0.2"/>
    <property name="user.language" value="pt"/>
    <property name="java.specification.vendor" value="Oracle Corporation"/>
    <property name="awt.toolkit" value="sun.awt.windows.WToolkit"/>
    <property name="java.vm.info" value="mixed mode"/>
    <property name="java.version" value="11.0.2"/>
    <property name="java.vendor" value="Oracle Corporation"/>
    <property name="sun.stderr.encoding" value="cp850"/>
    <property name="maven.home" value="C:\apache-maven-3.8.3-bin\apache-maven-3.8.3"/>
    <property name="file.separator" value="\"/>
    <property name="java.version.date" value="2019-01-15"/>
    <property name="java.vendor.url.bug" value="http://bugreport.java.com/bugreport/"/>
    <property name="sun.io.unicode.encoding" value="UnicodeLittle"/>
    <property name="sun.cpu.endian" value="little"/>
    <property name="java.vendor.version" value="18.9"/>
    <property name="sun.stdout.encoding" value="cp850"/>
    <property name="sun.desktop" value="windows"/>
    <property name="sun.cpu.isalist" value="amd64"/>
  </properties>
  <testcase classname="com.udemy.java.test.BrokenLinkTest" name="setDriver" time="0.444">
    <failure message="The driver executable does not exist: C:\home\qa\.arquillian\drone\chrome\2.38\chromedriver" type="java.lang.IllegalStateException">java.lang.IllegalStateException: The driver executable does not exist: C:\home\qa\.arquillian\drone\chrome\2.38\chromedriver
	at com.google.common.base.Preconditions.checkState(Preconditions.java:585)
	at org.openqa.selenium.remote.service.DriverService.checkExecutable(DriverService.java:146)
	at org.openqa.selenium.remote.service.DriverService.findExecutable(DriverService.java:141)
	at org.openqa.selenium.chrome.ChromeDriverService.access$000(ChromeDriverService.java:35)
	at org.openqa.selenium.chrome.ChromeDriverService$Builder.findDefaultExecutable(ChromeDriverService.java:159)
	at org.openqa.selenium.remote.service.DriverService$Builder.build(DriverService.java:355)
	at org.openqa.selenium.chrome.ChromeDriverService.createDefaultService(ChromeDriverService.java:94)
	at org.openqa.selenium.chrome.ChromeDriver.&lt;init&gt;(ChromeDriver.java:123)
	at com.udemy.java.supplier.DriverFactory.lambda$static$0(DriverFactory.java:15)
	at com.udemy.java.supplier.DriverFactory.getDriver(DriverFactory.java:32)
	at com.udemy.java.test.BrokenLinkTest.setDriver(BrokenLinkTest.java:22)
</failure>
    <system-out>Configuring TestNG with: org.apache.maven.surefire.testng.conf.TestNG652Configurator@6ebc05a6
</system-out>
  </testcase>
  <testcase classname="com.udemy.java.test.BrokenLinkTest" name="setDriver" time="0.445">
    <skipped/>
  </testcase>
  <testcase classname="com.udemy.java.test.BrokenLinkTest" name="setDriver" time="0.445">
    <skipped/>
  </testcase>
  <testcase classname="com.udemy.java.test.BrokenLinkTest" name="setDriver" time="0.445">
    <skipped/>
  </testcase>
  <testcase classname="com.udemy.java.test.BrokenLinkTest" name="setDriver" time="0.445">
    <skipped/>
  </testcase>
  <testcase classname="com.udemy.java.test.BrokenLinkTest" name="linkTest" time="0.456">
    <skipped/>
  </testcase>
  <testcase classname="com.udemy.java.test.CheckboxSelectionTest" name="tableRowTest" time="0.465">
    <skipped/>
  </testcase>
  <testcase classname="com.udemy.java.test.CheckboxSelectionTest" name="tableRowTest" time="0.466">
    <skipped/>
  </testcase>
  <testcase classname="com.udemy.java.test.CheckboxSelectionTest" name="tableRowTest" time="0.466">
    <skipped/>
  </testcase>
  <testcase classname="com.udemy.java.test.CheckboxSelectionTest" name="tableRowTest" time="0.466">
    <skipped/>
  </testcase>
  <testcase classname="com.udemy.java.test.CheckboxSelectionTest" name="tableRowTest" time="0.466">
    <skipped/>
  </testcase>
  <testcase classname="com.udemy.java.test.DriverTest" name="googleTest" time="0.466">
    <skipped/>
  </testcase>
  <testcase classname="com.udemy.java.test.HoverableDropdownTest" name="dropdownTest" time="0.467">
    <skipped/>
  </testcase>
  <testcase classname="com.udemy.java.test.HoverableDropdownTest" name="dropdownTest" time="0.467">
    <skipped/>
  </testcase>
  <testcase classname="com.udemy.java.test.HoverableDropdownTest" name="dropdownTest" time="0.467">
    <skipped/>
  </testcase>
  <testcase classname="com.udemy.java.test.PriceTableTest" name="minPriceTest" time="0.467">
    <skipped/>
  </testcase>
  <testcase classname="com.udemy.java.test.BrokenLinkTest" name="quitDriver" time="0.467">
    <skipped/>
  </testcase>
  <testcase classname="com.udemy.java.test.BrokenLinkTest" name="quitDriver" time="0.467">
    <skipped/>
  </testcase>
  <testcase classname="com.udemy.java.test.BrokenLinkTest" name="quitDriver" time="0.467">
    <skipped/>
  </testcase>
  <testcase classname="com.udemy.java.test.BrokenLinkTest" name="quitDriver" time="0.468">
    <skipped/>
  </testcase>
  <testcase classname="com.udemy.java.test.BrokenLinkTest" name="quitDriver" time="0.468">
    <skipped/>
  </testcase>
</testsuite>